# JRE version: OpenJDK Runtime Environment (21.0.6) (build 21.0.6+-13368085-b895.109)
# Java VM: OpenJDK 64-Bit Server VM (21.0.6+-13368085-b895.109, mixed mode, tiered, compressed oops, compressed class ptrs, g1 gc, windows-amd64)
GC Precious Log:
 CardTable entry size: 512
 Card Set container configuration: InlinePtr #cards 5 size 8 Array Of Cards #cards 12 size 40 Howl #buckets 4 coarsen threshold 1843 Howl Bitmap #cards 512 size 80 coarsen threshold 460 Card regions per heap region 1 cards per card region 2048
 CPUs: 8 total, 8 available
 Memory: 7413M
 Large Page Support: Disabled
 NUMA Support: Disabled
 Compressed Oops: Enabled (32-bit)
 Heap Region Size: 1M
 Heap Min Capacity: 8M
 Heap Initial Capacity: 116M
 Heap Max Capacity: 2G
 Pre-touch: Disabled
 Parallel Workers: 8
 Concurrent Workers: 2
 Concurrent Refinement Workers: 8
 Periodic GC: Disabled
Heap:
 garbage-first heap   total 252928K, used 215348K [0x0000000080000000, 0x0000000100000000)
  region size 1024K, 95 young (97280K), 5 survivors (5120K)
 Metaspace       used 121092K, committed 123392K, reserved 1179648K
  class space    used 16381K, committed 17536K, reserved 1048576K
GC Heap History (20 events):
Event: 39.450 GC heap before
{Heap before GC invocations=40 (full 0):
 garbage-first heap   total 157696K, used 135987K [0x0000000080000000, 0x0000000100000000)
  region size 1024K, 46 young (47104K), 5 survivors (5120K)
 Metaspace       used 101892K, committed 103936K, reserved 1179648K
  class space    used 13972K, committed 14976K, reserved 1048576K
}
Event: 39.460 GC heap after
{Heap after GC invocations=41 (full 0):
 garbage-first heap   total 157696K, used 96563K [0x0000000080000000, 0x0000000100000000)
  region size 1024K, 5 young (5120K), 5 survivors (5120K)
 Metaspace       used 101892K, committed 103936K, reserved 1179648K
  class space    used 13972K, committed 14976K, reserved 1048576K
}
Event: 40.936 GC heap before
{Heap before GC invocations=41 (full 0):
 garbage-first heap   total 157696K, used 142643K [0x0000000080000000, 0x0000000100000000)
  region size 1024K, 50 young (51200K), 5 survivors (5120K)
 Metaspace       used 106602K, committed 108736K, reserved 1179648K
  class space    used 14620K, committed 15680K, reserved 1048576K
}
Event: 40.946 GC heap after
{Heap after GC invocations=42 (full 0):
 garbage-first heap   total 157696K, used 97693K [0x0000000080000000, 0x0000000100000000)
  region size 1024K, 5 young (5120K), 5 survivors (5120K)
 Metaspace       used 106602K, committed 108736K, reserved 1179648K
  class space    used 14620K, committed 15680K, reserved 1048576K
}
Event: 42.125 GC heap before
{Heap before GC invocations=42 (full 0):
 garbage-first heap   total 157696K, used 142749K [0x0000000080000000, 0x0000000100000000)
  region size 1024K, 49 young (50176K), 5 survivors (5120K)
 Metaspace       used 109302K, committed 111488K, reserved 1179648K
  class space    used 15010K, committed 16064K, reserved 1048576K
}
Event: 42.136 GC heap after
{Heap after GC invocations=43 (full 0):
 garbage-first heap   total 157696K, used 101702K [0x0000000080000000, 0x0000000100000000)
  region size 1024K, 6 young (6144K), 6 survivors (6144K)
 Metaspace       used 109302K, committed 111488K, reserved 1179648K
  class space    used 15010K, committed 16064K, reserved 1048576K
}
Event: 43.457 GC heap before
{Heap before GC invocations=44 (full 0):
 garbage-first heap   total 171008K, used 140614K [0x0000000080000000, 0x0000000100000000)
  region size 1024K, 45 young (46080K), 6 survivors (6144K)
 Metaspace       used 110732K, committed 112960K, reserved 1179648K
  class space    used 15226K, committed 16384K, reserved 1048576K
}
Event: 43.469 GC heap after
{Heap after GC invocations=45 (full 0):
 garbage-first heap   total 171008K, used 106382K [0x0000000080000000, 0x0000000100000000)
  region size 1024K, 6 young (6144K), 6 survivors (6144K)
 Metaspace       used 110732K, committed 112960K, reserved 1179648K
  class space    used 15226K, committed 16384K, reserved 1048576K
}
Event: 44.631 GC heap before
{Heap before GC invocations=45 (full 0):
 garbage-first heap   total 171008K, used 158606K [0x0000000080000000, 0x0000000100000000)
  region size 1024K, 53 young (54272K), 6 survivors (6144K)
 Metaspace       used 112829K, committed 115008K, reserved 1179648K
  class space    used 15430K, committed 16512K, reserved 1048576K
}
Event: 44.640 GC heap after
{Heap after GC invocations=46 (full 0):
 garbage-first heap   total 172032K, used 107992K [0x0000000080000000, 0x0000000100000000)
  region size 1024K, 5 young (5120K), 5 survivors (5120K)
 Metaspace       used 112829K, committed 115008K, reserved 1179648K
  class space    used 15430K, committed 16512K, reserved 1048576K
}
Event: 45.908 GC heap before
{Heap before GC invocations=46 (full 0):
 garbage-first heap   total 172032K, used 155096K [0x0000000080000000, 0x0000000100000000)
  region size 1024K, 52 young (53248K), 5 survivors (5120K)
 Metaspace       used 115106K, committed 117248K, reserved 1179648K
  class space    used 15703K, committed 16768K, reserved 1048576K
}
Event: 45.918 GC heap after
{Heap after GC invocations=47 (full 0):
 garbage-first heap   total 172032K, used 112608K [0x0000000080000000, 0x0000000100000000)
  region size 1024K, 5 young (5120K), 5 survivors (5120K)
 Metaspace       used 115106K, committed 117248K, reserved 1179648K
  class space    used 15703K, committed 16768K, reserved 1048576K
}
Event: 46.628 GC heap before
{Heap before GC invocations=48 (full 0):
 garbage-first heap   total 188416K, used 155616K [0x0000000080000000, 0x0000000100000000)
  region size 1024K, 48 young (49152K), 5 survivors (5120K)
 Metaspace       used 115240K, committed 117376K, reserved 1179648K
  class space    used 15719K, committed 16768K, reserved 1048576K
}
Event: 46.638 GC heap after
{Heap after GC invocations=49 (full 0):
 garbage-first heap   total 188416K, used 115685K [0x0000000080000000, 0x0000000100000000)
  region size 1024K, 4 young (4096K), 4 survivors (4096K)
 Metaspace       used 115240K, committed 117376K, reserved 1179648K
  class space    used 15719K, committed 16768K, reserved 1048576K
}
Event: 50.281 GC heap before
{Heap before GC invocations=49 (full 0):
 garbage-first heap   total 188416K, used 173029K [0x0000000080000000, 0x0000000100000000)
  region size 1024K, 61 young (62464K), 4 survivors (4096K)
 Metaspace       used 116877K, committed 119232K, reserved 1179648K
  class space    used 15913K, committed 17088K, reserved 1048576K
}
Event: 50.292 GC heap after
{Heap after GC invocations=50 (full 0):
 garbage-first heap   total 188416K, used 120607K [0x0000000080000000, 0x0000000100000000)
  region size 1024K, 8 young (8192K), 8 survivors (8192K)
 Metaspace       used 116877K, committed 119232K, reserved 1179648K
  class space    used 15913K, committed 17088K, reserved 1048576K
}
Event: 51.345 GC heap before
{Heap before GC invocations=50 (full 0):
 garbage-first heap   total 188416K, used 168735K [0x0000000080000000, 0x0000000100000000)
  region size 1024K, 56 young (57344K), 8 survivors (8192K)
 Metaspace       used 118876K, committed 121152K, reserved 1179648K
  class space    used 16148K, committed 17280K, reserved 1048576K
}
Event: 51.355 GC heap after
{Heap after GC invocations=51 (full 0):
 garbage-first heap   total 188416K, used 123585K [0x0000000080000000, 0x0000000100000000)
  region size 1024K, 4 young (4096K), 4 survivors (4096K)
 Metaspace       used 118876K, committed 121152K, reserved 1179648K
  class space    used 16148K, committed 17280K, reserved 1048576K
}
Event: 85.702 GC heap before
{Heap before GC invocations=52 (full 0):
 garbage-first heap   total 252928K, used 218817K [0x0000000080000000, 0x0000000100000000)
  region size 1024K, 50 young (51200K), 4 survivors (4096K)
 Metaspace       used 120407K, committed 122752K, reserved 1179648K
  class space    used 16379K, committed 17536K, reserved 1048576K
}
Event: 85.742 GC heap after
{Heap after GC invocations=53 (full 0):
 garbage-first heap   total 252928K, used 124212K [0x0000000080000000, 0x0000000100000000)
  region size 1024K, 5 young (5120K), 5 survivors (5120K)
 Metaspace       used 120407K, committed 122752K, reserved 1179648K
  class space    used 16379K, committed 17536K, reserved 1048576K
}

